<?xml version="1.0" encoding="UTF-8"?>
<testng-results skipped="0" failed="0" ignored="0" total="1" passed="1">
  <reporter-output>
  </reporter-output>
  <suite name="Suite" duration-ms="76150" started-at="2018-12-08T07:41:56Z" finished-at="2018-12-08T07:43:13Z">
    <groups>
    </groups>
    <test name="chromeTest" duration-ms="76150" started-at="2018-12-08T07:41:56Z" finished-at="2018-12-08T07:43:13Z">
      <class name="testcases.executeTestThroughTestNg">
        <test-method status="PASS" signature="setup(java.lang.String)[pri:0, instance:testcases.executeTestThroughTestNg@3532ec19]" name="setup" is-config="true" duration-ms="30503" started-at="2018-12-08T07:41:56Z" finished-at="2018-12-08T07:42:27Z">
          <params>
            <param index="0">
              <value>
                <![CDATA[chrome]]>
              </value>
            </param>
          </params>
          <reporter-output>
          </reporter-output>
        </test-method> <!-- setup -->
        <test-method status="PASS" signature="executeTest()[pri:0, instance:testcases.executeTestThroughTestNg@3532ec19]" name="executeTest" duration-ms="44443" started-at="2018-12-08T07:42:27Z" finished-at="2018-12-08T07:43:12Z">
          <reporter-output>
          </reporter-output>
        </test-method> <!-- executeTest -->
        <test-method status="PASS" signature="teardown()[pri:0, instance:testcases.executeTestThroughTestNg@3532ec19]" name="teardown" is-config="true" duration-ms="846" started-at="2018-12-08T07:43:12Z" finished-at="2018-12-08T07:43:13Z">
          <reporter-output>
          </reporter-output>
        </test-method> <!-- teardown -->
      </class> <!-- testcases.executeTestThroughTestNg -->
    </test> <!-- chromeTest -->
  </suite> <!-- Suite -->
</testng-results>
