<?xml version="1.0" encoding="UTF-8"?>
<testng-results skipped="0" failed="0" ignored="0" total="1" passed="1">
  <reporter-output>
  </reporter-output>
  <suite name="Suite" duration-ms="58586" started-at="2018-10-30T05:06:27Z" finished-at="2018-10-30T05:07:25Z">
    <groups>
    </groups>
    <test name="chromeTest" duration-ms="58586" started-at="2018-10-30T05:06:27Z" finished-at="2018-10-30T05:07:25Z">
      <class name="testcases.executeTestThroughTestNg">
        <test-method status="PASS" signature="setup(java.lang.String)[pri:0, instance:testcases.executeTestThroughTestNg@3532ec19]" name="setup" is-config="true" duration-ms="26310" started-at="2018-10-30T05:06:27Z" finished-at="2018-10-30T05:06:53Z">
          <params>
            <param index="0">
              <value>
                <![CDATA[chrome]]>
              </value>
            </param>
          </params>
          <reporter-output>
          </reporter-output>
        </test-method> <!-- setup -->
        <test-method status="PASS" signature="executeTest()[pri:0, instance:testcases.executeTestThroughTestNg@3532ec19]" name="executeTest" duration-ms="31477" started-at="2018-10-30T05:06:53Z" finished-at="2018-10-30T05:07:25Z">
          <reporter-output>
          </reporter-output>
        </test-method> <!-- executeTest -->
        <test-method status="PASS" signature="teardown()[pri:0, instance:testcases.executeTestThroughTestNg@3532ec19]" name="teardown" is-config="true" duration-ms="713" started-at="2018-10-30T05:07:25Z" finished-at="2018-10-30T05:07:25Z">
          <reporter-output>
          </reporter-output>
        </test-method> <!-- teardown -->
      </class> <!-- testcases.executeTestThroughTestNg -->
    </test> <!-- chromeTest -->
  </suite> <!-- Suite -->
</testng-results>
